mode: set
github.com/antoniuk-oleksandr/order_processor/internal/storage/storage.go:23.27,27.2 1 1
github.com/antoniuk-oleksandr/order_processor/internal/storage/storage.go:29.38,34.2 3 1
github.com/antoniuk-oleksandr/order_processor/internal/storage/storage.go:36.43,42.2 4 1
github.com/antoniuk-oleksandr/order_processor/internal/worker/pool.go:35.66,36.23 1 1
github.com/antoniuk-oleksandr/order_processor/internal/worker/pool.go:36.23,38.3 1 1
github.com/antoniuk-oleksandr/order_processor/internal/worker/pool.go:40.2,40.17 1 1
github.com/antoniuk-oleksandr/order_processor/internal/worker/pool.go:40.17,42.3 1 1
github.com/antoniuk-oleksandr/order_processor/internal/worker/pool.go:44.2,52.25 2 1
github.com/antoniuk-oleksandr/order_processor/internal/worker/pool.go:52.25,53.18 1 1
github.com/antoniuk-oleksandr/order_processor/internal/worker/pool.go:53.18,56.4 2 1
github.com/antoniuk-oleksandr/order_processor/internal/worker/pool.go:59.2,59.15 1 1
github.com/antoniuk-oleksandr/order_processor/internal/worker/pool.go:62.53,63.15 1 1
github.com/antoniuk-oleksandr/order_processor/internal/worker/pool.go:63.15,64.31 1 1
github.com/antoniuk-oleksandr/order_processor/internal/worker/pool.go:64.31,66.4 1 0
github.com/antoniuk-oleksandr/order_processor/internal/worker/pool.go:69.2,69.21 1 1
github.com/antoniuk-oleksandr/order_processor/internal/worker/pool.go:69.21,71.3 1 1
github.com/antoniuk-oleksandr/order_processor/internal/worker/pool.go:73.2,74.12 2 1
github.com/antoniuk-oleksandr/order_processor/internal/worker/pool.go:77.33,78.27 1 1
github.com/antoniuk-oleksandr/order_processor/internal/worker/pool.go:78.27,81.3 2 1
github.com/antoniuk-oleksandr/order_processor/internal/worker/pool.go:84.29,86.2 1 1
github.com/antoniuk-oleksandr/order_processor/internal/worker/worker.go:14.40,18.2 1 1
github.com/antoniuk-oleksandr/order_processor/internal/worker/worker.go:20.24,21.28 1 1
github.com/antoniuk-oleksandr/order_processor/internal/worker/worker.go:21.28,23.3 1 1
github.com/antoniuk-oleksandr/order_processor/internal/processor/processor.go:36.103,37.20 1 1
github.com/antoniuk-oleksandr/order_processor/internal/processor/processor.go:37.20,39.3 1 1
github.com/antoniuk-oleksandr/order_processor/internal/processor/processor.go:41.2,41.23 1 1
github.com/antoniuk-oleksandr/order_processor/internal/processor/processor.go:41.23,43.3 1 1
github.com/antoniuk-oleksandr/order_processor/internal/processor/processor.go:45.2,51.8 1 1
github.com/antoniuk-oleksandr/order_processor/internal/processor/processor.go:54.61,56.2 1 1
github.com/antoniuk-oleksandr/order_processor/internal/processor/processor.go:58.37,59.27 1 1
github.com/antoniuk-oleksandr/order_processor/internal/processor/processor.go:59.27,63.38 3 1
github.com/antoniuk-oleksandr/order_processor/internal/processor/processor.go:63.38,65.4 1 1
github.com/antoniuk-oleksandr/order_processor/internal/processor/processor.go:66.3,71.22 4 1
github.com/antoniuk-oleksandr/order_processor/internal/processor/processor.go:75.62,76.15 1 1
github.com/antoniuk-oleksandr/order_processor/internal/processor/processor.go:76.15,77.31 1 1
github.com/antoniuk-oleksandr/order_processor/internal/processor/processor.go:77.31,79.4 1 0
github.com/antoniuk-oleksandr/order_processor/internal/processor/processor.go:82.2,84.13 3 1
github.com/antoniuk-oleksandr/order_processor/internal/processor/processor.go:84.13,89.57 4 1
github.com/antoniuk-oleksandr/order_processor/internal/processor/processor.go:89.57,92.4 2 1
github.com/antoniuk-oleksandr/order_processor/internal/processor/processor.go:94.2,96.9 2 1
github.com/antoniuk-oleksandr/order_processor/internal/processor/processor.go:97.20,98.13 1 1
github.com/antoniuk-oleksandr/order_processor/internal/processor/processor.go:99.24,100.30 1 0
github.com/antoniuk-oleksandr/order_processor/internal/processor/task.go:18.78,23.2 1 1
github.com/antoniuk-oleksandr/order_processor/internal/processor/task.go:25.33,26.27 1 1
github.com/antoniuk-oleksandr/order_processor/internal/processor/task.go:26.27,30.3 2 1
